<?xml version="1.0" encoding="UTF-8"?>
<testng-results skipped="0" failed="0" ignored="0" total="1" passed="1">
  <reporter-output>
  </reporter-output>
  <suite name="Default suite" duration-ms="92092" started-at="2022-02-03T12:50:40Z" finished-at="2022-02-03T12:52:12Z">
    <groups>
    </groups>
    <test name="Default test" duration-ms="92092" started-at="2022-02-03T12:50:40Z" finished-at="2022-02-03T12:52:12Z">
      <class name="Automation.Automation.LoginTest">
        <test-method status="PASS" signature="setEnviorment()[pri:0, instance:Automation.Automation.LoginTest@4fb64261]" name="setEnviorment" is-config="true" duration-ms="56" started-at="2022-02-03T12:50:40Z" finished-at="2022-02-03T12:50:40Z">
          <reporter-output>
          </reporter-output>
        </test-method> <!-- setEnviorment -->
        <test-method status="PASS" signature="setUp()[pri:0, instance:Automation.Automation.LoginTest@4fb64261]" name="setUp" is-config="true" duration-ms="33375" started-at="2022-02-03T12:50:40Z" finished-at="2022-02-03T12:51:13Z">
          <reporter-output>
          </reporter-output>
        </test-method> <!-- setUp -->
        <test-method status="PASS" signature="verifyXyzBank()[pri:0, instance:Automation.Automation.LoginTest@4fb64261]" name="verifyXyzBank" duration-ms="13950" started-at="2022-02-03T12:51:13Z" finished-at="2022-02-03T12:51:27Z">
          <reporter-output>
          </reporter-output>
        </test-method> <!-- verifyXyzBank -->
        <test-method status="PASS" signature="captureScreenShot(org.testng.ITestResult, java.lang.reflect.Method)[pri:0, instance:Automation.Automation.LoginTest@4fb64261]" name="captureScreenShot" is-config="true" duration-ms="44597" started-at="2022-02-03T12:51:27Z" finished-at="2022-02-03T12:52:12Z">
          <params>
            <param index="0">
              <value>
                <![CDATA[[TestResult name=verifyXyzBank status=SUCCESS method=LoginTest.verifyXyzBank()[pri:0, instance:Automation.Automation.LoginTest@4fb64261] output={null}]]]>
              </value>
            </param>
            <param index="1">
              <value>
                <![CDATA[public void Automation.Automation.LoginTest.verifyXyzBank()]]>
              </value>
            </param>
          </params>
          <reporter-output>
          </reporter-output>
        </test-method> <!-- captureScreenShot -->
      </class> <!-- Automation.Automation.LoginTest -->
    </test> <!-- Default test -->
  </suite> <!-- Default suite -->
</testng-results>
